module.js:471
    throw err;
    ^

Error: Cannot find module 'express'
    at Function.Module._resolveFilename (module.js:469:15)
    at Function.Module._load (module.js:417:25)
    at Module.require (module.js:497:17)
    at require (internal/module.js:20:19)
    at Object.<anonymous> (/home/dafinka/Desktop/Semos/Nodejs/SJSA-2017-Node/services/srv/upload-server.js:1:77)
    at Module._compile (module.js:570:32)
    at Object.Module._extensions..js (module.js:579:10)
    at Module.load (module.js:487:32)
    at tryModuleLoad (module.js:446:12)
    at Function.Module._load (module.js:438:3)
module.js:471
    throw err;
    ^

Error: Cannot find module 'express'
    at Function.Module._resolveFilename (module.js:469:15)
    at Function.Module._load (module.js:417:25)
    at Module.require (module.js:497:17)
    at require (internal/module.js:20:19)
    at Object.<anonymous> (/home/dafinka/Desktop/Semos/Nodejs/SJSA-2017-Node/services/srv/api-server.js:1:77)
    at Module._compile (module.js:570:32)
    at Object.Module._extensions..js (module.js:579:10)
    at Module.load (module.js:487:32)
    at tryModuleLoad (module.js:446:12)
    at Function.Module._load (module.js:438:3)
module.js:471
    throw err;
    ^

Error: Cannot find module 'express'
    at Function.Module._resolveFilename (module.js:469:15)
    at Function.Module._load (module.js:417:25)
    at Module.require (module.js:497:17)
    at require (internal/module.js:20:19)
    at Object.<anonymous> (/home/dafinka/Desktop/Semos/Nodejs/SJSA-2017-Node/services/srv/auth-server.js:1:77)
    at Module._compile (module.js:570:32)
    at Object.Module._extensions..js (module.js:579:10)
    at Module.load (module.js:487:32)
    at tryModuleLoad (module.js:446:12)
    at Function.Module._load (module.js:438:3)
module.js:471
    throw err;
    ^

Error: Cannot find module 'express'
    at Function.Module._resolveFilename (module.js:469:15)
    at Function.Module._load (module.js:417:25)
    at Module.require (module.js:497:17)
    at require (internal/module.js:20:19)
    at Object.<anonymous> (/home/dafinka/Desktop/Semos/Nodejs/SJSA-2017-Node/services/srv/user-server.js:1:77)
    at Module._compile (module.js:570:32)
    at Object.Module._extensions..js (module.js:579:10)
    at Module.load (module.js:487:32)
    at tryModuleLoad (module.js:446:12)
    at Function.Module._load (module.js:438:3)
Server started on port 8200
Server started on port 8300
Server started on port 8100
Server started on port 8000
events.js:160
      throw er; // Unhandled 'error' event
      ^

Error: listen EADDRINUSE :::8300
    at Object.exports._errnoException (util.js:1020:11)
    at exports._exceptionWithHostPort (util.js:1043:20)
    at Server._listen2 (net.js:1262:14)
    at listen (net.js:1298:10)
    at Server.listen (net.js:1394:5)
    at EventEmitter.listen (/home/dafinka/Desktop/Semos/Nodejs/SJSA-2017-Node/services/node_modules/express/lib/application.js:618:24)
    at Object.<anonymous> (/home/dafinka/Desktop/Semos/Nodejs/SJSA-2017-Node/services/srv/user-server.js:35:5)
    at Module._compile (module.js:570:32)
    at Object.Module._extensions..js (module.js:579:10)
    at Module.load (module.js:487:32)
    at tryModuleLoad (module.js:446:12)
    at Function.Module._load (module.js:438:3)
    at Module.runMain (module.js:604:10)
    at run (bootstrap_node.js:383:7)
    at startup (bootstrap_node.js:149:9)
    at bootstrap_node.js:496:3
events.js:160
      throw er; // Unhandled 'error' event
      ^

Error: listen EADDRINUSE :::8000
    at Object.exports._errnoException (util.js:1020:11)
    at exports._exceptionWithHostPort (util.js:1043:20)
    at Server._listen2 (net.js:1262:14)
    at listen (net.js:1298:10)
    at Server.listen (net.js:1394:5)
    at EventEmitter.listen (/home/dafinka/Desktop/Semos/Nodejs/SJSA-2017-Node/services/node_modules/express/lib/application.js:618:24)
    at Object.<anonymous> (/home/dafinka/Desktop/Semos/Nodejs/SJSA-2017-Node/services/srv/api-server.js:42:5)
    at Module._compile (module.js:570:32)
    at Object.Module._extensions..js (module.js:579:10)
    at Module.load (module.js:487:32)
    at tryModuleLoad (module.js:446:12)
    at Function.Module._load (module.js:438:3)
    at Module.runMain (module.js:604:10)
    at run (bootstrap_node.js:383:7)
    at startup (bootstrap_node.js:149:9)
    at bootstrap_node.js:496:3
events.js:160
      throw er; // Unhandled 'error' event
      ^

Error: listen EADDRINUSE :::8100
    at Object.exports._errnoException (util.js:1020:11)
    at exports._exceptionWithHostPort (util.js:1043:20)
    at Server._listen2 (net.js:1262:14)
    at listen (net.js:1298:10)
    at Server.listen (net.js:1394:5)
    at EventEmitter.listen (/home/dafinka/Desktop/Semos/Nodejs/SJSA-2017-Node/services/node_modules/express/lib/application.js:618:24)
    at Object.<anonymous> (/home/dafinka/Desktop/Semos/Nodejs/SJSA-2017-Node/services/srv/auth-server.js:31:5)
    at Module._compile (module.js:570:32)
    at Object.Module._extensions..js (module.js:579:10)
    at Module.load (module.js:487:32)
    at tryModuleLoad (module.js:446:12)
    at Function.Module._load (module.js:438:3)
    at Module.runMain (module.js:604:10)
    at run (bootstrap_node.js:383:7)
    at startup (bootstrap_node.js:149:9)
    at bootstrap_node.js:496:3
events.js:160
      throw er; // Unhandled 'error' event
      ^

Error: listen EADDRINUSE :::8200
    at Object.exports._errnoException (util.js:1020:11)
    at exports._exceptionWithHostPort (util.js:1043:20)
    at Server._listen2 (net.js:1262:14)
    at listen (net.js:1298:10)
    at Server.listen (net.js:1394:5)
    at EventEmitter.listen (/home/dafinka/Desktop/Semos/Nodejs/SJSA-2017-Node/services/node_modules/express/lib/application.js:618:24)
    at Object.<anonymous> (/home/dafinka/Desktop/Semos/Nodejs/SJSA-2017-Node/services/srv/upload-server.js:33:5)
    at Module._compile (module.js:570:32)
    at Object.Module._extensions..js (module.js:579:10)
    at Module.load (module.js:487:32)
    at tryModuleLoad (module.js:446:12)
    at Function.Module._load (module.js:438:3)
    at Module.runMain (module.js:604:10)
    at run (bootstrap_node.js:383:7)
    at startup (bootstrap_node.js:149:9)
    at bootstrap_node.js:496:3
events.js:160
      throw er; // Unhandled 'error' event
      ^

Error: listen EADDRINUSE :::8000
    at Object.exports._errnoException (util.js:1020:11)
    at exports._exceptionWithHostPort (util.js:1043:20)
    at Server._listen2 (net.js:1262:14)
    at listen (net.js:1298:10)
    at Server.listen (net.js:1394:5)
    at EventEmitter.listen (/home/dafinka/Desktop/Semos/Nodejs/SJSA-2017-Node/services/node_modules/express/lib/application.js:618:24)
    at Object.<anonymous> (/home/dafinka/Desktop/Semos/Nodejs/SJSA-2017-Node/services/srv/api-server.js:42:5)
    at Module._compile (module.js:570:32)
    at Object.Module._extensions..js (module.js:579:10)
    at Module.load (module.js:487:32)
    at tryModuleLoad (module.js:446:12)
    at Function.Module._load (module.js:438:3)
    at Module.runMain (module.js:604:10)
    at run (bootstrap_node.js:383:7)
    at startup (bootstrap_node.js:149:9)
    at bootstrap_node.js:496:3
events.js:160
      throw er; // Unhandled 'error' event
      ^

Error: listen EADDRINUSE :::8300
    at Object.exports._errnoException (util.js:1020:11)
    at exports._exceptionWithHostPort (util.js:1043:20)
    at Server._listen2 (net.js:1262:14)
    at listen (net.js:1298:10)
    at Server.listen (net.js:1394:5)
    at EventEmitter.listen (/home/dafinka/Desktop/Semos/Nodejs/SJSA-2017-Node/services/node_modules/express/lib/application.js:618:24)
    at Object.<anonymous> (/home/dafinka/Desktop/Semos/Nodejs/SJSA-2017-Node/services/srv/user-server.js:35:5)
    at Module._compile (module.js:570:32)
    at Object.Module._extensions..js (module.js:579:10)
    at Module.load (module.js:487:32)
    at tryModuleLoad (module.js:446:12)
    at Function.Module._load (module.js:438:3)
    at Module.runMain (module.js:604:10)
    at run (bootstrap_node.js:383:7)
    at startup (bootstrap_node.js:149:9)
    at bootstrap_node.js:496:3
events.js:160
      throw er; // Unhandled 'error' event
      ^

Error: listen EADDRINUSE :::8200
    at Object.exports._errnoException (util.js:1020:11)
    at exports._exceptionWithHostPort (util.js:1043:20)
    at Server._listen2 (net.js:1262:14)
    at listen (net.js:1298:10)
    at Server.listen (net.js:1394:5)
    at EventEmitter.listen (/home/dafinka/Desktop/Semos/Nodejs/SJSA-2017-Node/services/node_modules/express/lib/application.js:618:24)
    at Object.<anonymous> (/home/dafinka/Desktop/Semos/Nodejs/SJSA-2017-Node/services/srv/upload-server.js:33:5)
    at Module._compile (module.js:570:32)
    at Object.Module._extensions..js (module.js:579:10)
    at Module.load (module.js:487:32)
    at tryModuleLoad (module.js:446:12)
    at Function.Module._load (module.js:438:3)
    at Module.runMain (module.js:604:10)
    at run (bootstrap_node.js:383:7)
    at startup (bootstrap_node.js:149:9)
    at bootstrap_node.js:496:3
events.js:160
      throw er; // Unhandled 'error' event
      ^

Error: listen EADDRINUSE :::8100
    at Object.exports._errnoException (util.js:1020:11)
    at exports._exceptionWithHostPort (util.js:1043:20)
    at Server._listen2 (net.js:1262:14)
    at listen (net.js:1298:10)
    at Server.listen (net.js:1394:5)
    at EventEmitter.listen (/home/dafinka/Desktop/Semos/Nodejs/SJSA-2017-Node/services/node_modules/express/lib/application.js:618:24)
    at Object.<anonymous> (/home/dafinka/Desktop/Semos/Nodejs/SJSA-2017-Node/services/srv/auth-server.js:31:5)
    at Module._compile (module.js:570:32)
    at Object.Module._extensions..js (module.js:579:10)
    at Module.load (module.js:487:32)
    at tryModuleLoad (module.js:446:12)
    at Function.Module._load (module.js:438:3)
    at Module.runMain (module.js:604:10)
    at run (bootstrap_node.js:383:7)
    at startup (bootstrap_node.js:149:9)
    at bootstrap_node.js:496:3
conflict
conflict
conflict
conflict
conflict
